09-18 14:38:00 com_github_MitjaNemec_PlaceFootprints.action_place_footprints 647:Plugin executed on: 'linux'
09-18 14:38:00 com_github_MitjaNemec_PlaceFootprints.action_place_footprints 648:Plugin executed with python version: '3.12.3 (main, Sep 11 2024, 14:17:37) [GCC 13.2.0]'
09-18 14:38:00 com_github_MitjaNemec_PlaceFootprints.action_place_footprints 649:KiCad build version: 8.0.5-8.0.5-0~ubuntu24.04.1
09-18 14:38:00 com_github_MitjaNemec_PlaceFootprints.action_place_footprints 650:Plugin version: 3.0.0
09-18 14:38:00 com_github_MitjaNemec_PlaceFootprints.action_place_footprints 651:Frame repr: <wx._core.Frame object at 0x760683f54050>
09-18 14:38:00 com_github_MitjaNemec_PlaceFootprints.place_footprints 121:getting a list of all footprints on board
09-18 14:38:00 com_github_MitjaNemec_PlaceFootprints.place_footprints 156:Footprint D8 on root level
09-18 14:38:00 com_github_MitjaNemec_PlaceFootprints.place_footprints 156:Footprint D7 on root level
09-18 14:38:00 com_github_MitjaNemec_PlaceFootprints.place_footprints 156:Footprint D6 on root level
09-18 14:38:00 com_github_MitjaNemec_PlaceFootprints.place_footprints 156:Footprint D5 on root level
09-18 14:38:00 com_github_MitjaNemec_PlaceFootprints.place_footprints 156:Footprint D4 on root level
09-18 14:38:00 com_github_MitjaNemec_PlaceFootprints.place_footprints 156:Footprint D3 on root level
09-18 14:38:00 com_github_MitjaNemec_PlaceFootprints.place_footprints 156:Footprint D2 on root level
09-18 14:38:00 com_github_MitjaNemec_PlaceFootprints.place_footprints 156:Footprint D1 on root level
09-18 14:38:00 com_github_MitjaNemec_PlaceFootprints.place_footprints 156:Footprint J8 on root level
09-18 14:38:00 com_github_MitjaNemec_PlaceFootprints.place_footprints 156:Footprint J5 on root level
09-18 14:38:00 com_github_MitjaNemec_PlaceFootprints.place_footprints 156:Footprint J9 on root level
09-18 14:38:00 com_github_MitjaNemec_PlaceFootprints.place_footprints 156:Footprint J7 on root level
09-18 14:38:00 com_github_MitjaNemec_PlaceFootprints.place_footprints 156:Footprint J6 on root level
09-18 14:38:00 com_github_MitjaNemec_PlaceFootprints.place_footprints 156:Footprint J4 on root level
09-18 14:38:00 com_github_MitjaNemec_PlaceFootprints.place_footprints 156:Footprint J3 on root level
09-18 14:38:00 com_github_MitjaNemec_PlaceFootprints.place_footprints 156:Footprint J2 on root level
09-18 14:38:00 com_github_MitjaNemec_PlaceFootprints.place_footprints 156:Footprint J1 on root level
09-18 14:38:00 com_github_MitjaNemec_PlaceFootprints.place_footprints 156:Footprint S1 on root level
09-18 14:38:00 com_github_MitjaNemec_PlaceFootprints.place_footprints 156:Footprint C2 on root level
09-18 14:38:00 com_github_MitjaNemec_PlaceFootprints.place_footprints 156:Footprint U1 on root level
09-18 14:38:00 com_github_MitjaNemec_PlaceFootprints.place_footprints 156:Footprint U6 on root level
09-18 14:38:00 com_github_MitjaNemec_PlaceFootprints.place_footprints 156:Footprint REF** on root level
09-18 14:38:00 com_github_MitjaNemec_PlaceFootprints.place_footprints 156:Footprint REF** on root level
09-18 14:38:00 com_github_MitjaNemec_PlaceFootprints.place_footprints 156:Footprint R1 on root level
09-18 14:38:00 com_github_MitjaNemec_PlaceFootprints.place_footprints 156:Footprint R5 on root level
09-18 14:38:00 com_github_MitjaNemec_PlaceFootprints.place_footprints 156:Footprint R6 on root level
09-18 14:38:00 com_github_MitjaNemec_PlaceFootprints.place_footprints 156:Footprint R8 on root level
09-18 14:38:00 com_github_MitjaNemec_PlaceFootprints.place_footprints 156:Footprint C1 on root level
09-18 14:38:00 com_github_MitjaNemec_PlaceFootprints.place_footprints 156:Footprint U4 on root level
09-18 14:38:00 com_github_MitjaNemec_PlaceFootprints.place_footprints 156:Footprint R2 on root level
09-18 14:38:00 com_github_MitjaNemec_PlaceFootprints.place_footprints 156:Footprint R4 on root level
09-18 14:38:00 com_github_MitjaNemec_PlaceFootprints.place_footprints 156:Footprint C3 on root level
09-18 14:38:00 com_github_MitjaNemec_PlaceFootprints.place_footprints 156:Footprint R3 on root level
09-18 14:38:00 com_github_MitjaNemec_PlaceFootprints.place_footprints 156:Footprint U2 on root level
09-18 14:38:00 com_github_MitjaNemec_PlaceFootprints.place_footprints 156:Footprint REF** on root level
09-18 14:38:00 com_github_MitjaNemec_PlaceFootprints.place_footprints 156:Footprint R7 on root level
09-18 14:38:00 com_github_MitjaNemec_PlaceFootprints.place_footprints 156:Footprint R9 on root level
09-18 14:38:00 com_github_MitjaNemec_PlaceFootprints.place_footprints 156:Footprint REF** on root level
09-18 14:38:00 com_github_MitjaNemec_PlaceFootprints.place_footprints 156:Footprint U5 on root level
09-18 14:38:00 com_github_MitjaNemec_PlaceFootprints.place_footprints 156:Footprint U3 on root level
09-18 14:38:01 com_github_MitjaNemec_PlaceFootprints.action_place_footprints 830:Reference designator is: D
09-18 14:38:01 com_github_MitjaNemec_PlaceFootprints.action_place_footprints 831:Reference number is: 8
09-18 14:38:01 com_github_MitjaNemec_PlaceFootprints.action_place_footprints 863:Sorted and filtered list:
['D1', 'D2', 'D3', 'D4', 'D5', 'D6', 'D7', 'D8']
09-18 14:38:01 com_github_MitjaNemec_PlaceFootprints.action_place_footprints 359:wx.Colour(250, 250, 250, 255)
09-18 14:38:07 com_github_MitjaNemec_PlaceFootprints.action_place_footprints 490:'6.5'
09-18 14:38:07 com_github_MitjaNemec_PlaceFootprints.action_place_footprints 536:Preparing config for reference linear
09-18 14:38:07 com_github_MitjaNemec_PlaceFootprints.action_place_footprints 556:Saving config file
09-18 14:38:07 com_github_MitjaNemec_PlaceFootprints.action_place_footprints 558:Saved the config file
09-18 14:38:07 com_github_MitjaNemec_PlaceFootprints.action_place_footprints 901:Footprints to place:
['D1', 'D2', 'D3', 'D4', 'D5', 'D6', 'D7', 'D8']
09-18 14:38:07 com_github_MitjaNemec_PlaceFootprints.place_footprints 367:Starting placing with linear layout
09-18 14:38:07 com_github_MitjaNemec_PlaceFootprints.action_place_footprints 942:Placing complete
